0 info it worked if it ends with ok
1 verbose cli [ '/home/ubuntu/.nvm/versions/node/v4.6.1/bin/node',
1 verbose cli   '/home/ubuntu/.nvm/versions/node/v4.6.1/bin/npm',
1 verbose cli   'start' ]
2 info using npm@3.10.9
3 info using node@v4.6.1
4 verbose run-script [ 'prestart', 'start', 'poststart' ]
5 info lifecycle Local-Events-App@0.0.0~prestart: Local-Events-App@0.0.0
6 silly lifecycle Local-Events-App@0.0.0~prestart: no script for prestart, continuing
7 info lifecycle Local-Events-App@0.0.0~start: Local-Events-App@0.0.0
8 verbose lifecycle Local-Events-App@0.0.0~start: unsafe-perm in lifecycle true
9 verbose lifecycle Local-Events-App@0.0.0~start: PATH: /home/ubuntu/.nvm/versions/node/v4.6.1/lib/node_modules/npm/bin/node-gyp-bin:/home/ubuntu/workspace/angu/app/node_modules/.bin:/home/ubuntu/.nvm/versions/node/v4.6.1/bin:/usr/local/rvm/gems/ruby-2.3.0/bin:/usr/local/rvm/gems/ruby-2.3.0@global/bin:/usr/local/rvm/rubies/ruby-2.3.0/bin:/mnt/shared/bin:/home/ubuntu/workspace/node_modules/.bin:/home/ubuntu/bin:/usr/local/sbin:/usr/local/bin:/usr/sbin:/usr/bin:/sbin:/bin:/mnt/shared/sbin:/opt/gitl:/opt/go/bin:/mnt/shared/c9/app.nw/bin:/usr/local/rvm/bin
10 verbose lifecycle Local-Events-App@0.0.0~start: CWD: /home/ubuntu/workspace/angu/app
11 silly lifecycle Local-Events-App@0.0.0~start: Args: [ '-c', 'gulp' ]
12 info lifecycle Local-Events-App@0.0.0~start: Failed to exec start script
13 verbose stack Error: Local-Events-App@0.0.0 start: `gulp`
13 verbose stack spawn ENOENT
13 verbose stack     at ChildProcess.<anonymous> (/home/ubuntu/.nvm/versions/node/v4.6.1/lib/node_modules/npm/lib/utils/spawn.js:33:16)
13 verbose stack     at emitTwo (events.js:87:13)
13 verbose stack     at ChildProcess.emit (events.js:172:7)
13 verbose stack     at maybeClose (internal/child_process.js:829:16)
13 verbose stack     at Process.ChildProcess._handle.onexit (internal/child_process.js:211:5)
14 verbose pkgid Local-Events-App@0.0.0
15 verbose cwd /home/ubuntu/workspace/angu/app
16 error Linux 4.2.0-c9
17 error argv "/home/ubuntu/.nvm/versions/node/v4.6.1/bin/node" "/home/ubuntu/.nvm/versions/node/v4.6.1/bin/npm" "start"
18 error node v4.6.1
19 error npm  v3.10.9
20 error file sh
21 error code ELIFECYCLE
22 error errno ENOENT
23 error syscall spawn
24 error Local-Events-App@0.0.0 start: `gulp`
24 error spawn ENOENT
25 error Failed at the Local-Events-App@0.0.0 start script 'gulp'.
25 error Make sure you have the latest version of node.js and npm installed.
25 error If you do, this is most likely a problem with the Local-Events-App package,
25 error not with npm itself.
25 error Tell the author that this fails on your system:
25 error     gulp
25 error You can get information on how to open an issue for this project with:
25 error     npm bugs Local-Events-App
25 error Or if that isn't available, you can get their info via:
25 error     npm owner ls Local-Events-App
25 error There is likely additional logging output above.
26 verbose exit [ 1, true ]
